https://www.instagram.com/burberry.panties/
https://www.instagram.com/gagan_x_x_/
https://www.instagram.com/bodie.redneck/
https://www.instagram.com/jakegagain/
https://www.instagram.com/justjoe206/
https://www.instagram.com/manjizettai/
https://www.instagram.com/_onk.ar/
https://www.instagram.com/leader_kaustav/
https://www.instagram.com/sochillcoin/
https://www.instagram.com/bricelafondmusic/
https://www.instagram.com/kingrique113/
https://www.instagram.com/troiebenjamin/
https://www.instagram.com/mayakezrima/
https://www.instagram.com/sahebaapatneyy/
https://www.instagram.com/bilyamine__/
https://www.instagram.com/billytrem/
https://www.instagram.com/zero22five_media/
https://www.instagram.com/mozafarteimori4/
https://www.instagram.com/soniclanyard/
https://www.instagram.com/zak.lynne_/
https://www.instagram.com/throttle/
https://www.instagram.com/mund_u8/
https://www.instagram.com/bachirmsk/
https://www.instagram.com/chillguy.meme/
https://www.instagram.com/sospinkelephant/
https://www.instagram.com/yer.jayy/
https://www.instagram.com/htxseo24/
https://www.instagram.com/tiff_spriggs/
https://www.instagram.com/coqinuofficial/
https://www.instagram.com/lulbabydoitdj/
https://www.instagram.com/walhoutjohn/
https://www.instagram.com/antijaroo.900x/
https://www.instagram.com/canothebeast/
https://www.instagram.com/her.entanglement/
https://www.instagram.com/dailymotivtion_/
https://www.instagram.com/justchilledguy/
https://www.instagram.com/mr.luba_luba4u/
https://www.instagram.com/wolf_is_awake/
https://www.instagram.com/hoodieberto/
https://www.instagram.com/dann.020/
https://www.instagram.com/younggato/
https://www.instagram.com/mrter_jdot.200/
https://www.instagram.com/andrew_conley_211/
https://www.instagram.com/_scooby88/
https://www.instagram.com/allhallowsfinn/
https://www.instagram.com/kbry81/
https://www.instagram.com/davidres496/
https://www.instagram.com/wyt_bred/
https://www.instagram.com/scoobysti300/
https://www.instagram.com/dyantimon9/
https://www.instagram.com/alisaccount7799/
https://www.instagram.com/livgardh/
https://www.instagram.com/khazzywhazzy/
https://www.instagram.com/malamsterzx5a/
