https://www.instagram.com/intercooler_b5/
https://www.instagram.com/rikhardt._.0926/
https://www.instagram.com/brocken_princ3/
https://www.instagram.com/rizzyastar/
https://www.instagram.com/american_chocolift/
https://www.instagram.com/algenmarvel/
https://www.instagram.com/xaaitlyyn/
https://www.instagram.com/davidres496/
https://www.instagram.com/_agapet2_/
https://www.instagram.com/murphpop02/
https://www.instagram.com/der.andere.niklas/
https://www.instagram.com/they.callmedoubleg/
https://www.instagram.com/kaliluv_drako/
https://www.instagram.com/whipwhap_/
https://www.instagram.com/laibarais_/
https://www.instagram.com/eslinamiraydemirhan/
https://www.instagram.com/sheshalatte/
https://www.instagram.com/a.danihaidar/
https://www.instagram.com/adik.ing6/
https://www.instagram.com/internet_pilgrims/
https://www.instagram.com/_chaselol_/
https://www.instagram.com/herrgurkasbror/
https://www.instagram.com/vyuh/
https://www.instagram.com/vainerido/
https://www.instagram.com/christien62/
https://www.instagram.com/jnp.cele/
https://www.instagram.com/oversampled.us/
https://www.instagram.com/chur_bom/
https://www.instagram.com/yousifm_32/
https://www.instagram.com/orh3n_/
https://www.instagram.com/sunjtech/
https://www.instagram.com/xdora_ai/
https://www.instagram.com/stvr_shooter/
https://www.instagram.com/idle.exile/
https://www.instagram.com/aldes_hitta/
https://www.instagram.com/therealcjlluberes/
https://www.instagram.com/justachill_guy_/
https://www.instagram.com/rubieglooom/
https://www.instagram.com/as.__.3sth3r/
https://www.instagram.com/flamingob773/
https://www.instagram.com/hardik_galaxy_0_0/
https://www.instagram.com/bhayopascal/
https://www.instagram.com/humanofthehumanoids/
https://www.instagram.com/bloodygreatsword/
https://www.instagram.com/wyl_angela/
https://www.instagram.com/harioardi/
https://www.instagram.com/bentoboui/
https://www.instagram.com/chill_guy_meme_2024/
https://www.instagram.com/kola.the_traveller/
https://www.instagram.com/chucles_rouhoff07/
https://www.instagram.com/justjoe206/
https://www.instagram.com/chillguy700/
https://www.instagram.com/assshakovich/
https://www.instagram.com/jesus_ernesto2011/
https://www.instagram.com/whatsrealjabril/
https://www.instagram.com/el_kimmey/
https://www.instagram.com/hirun_ranthula/
https://www.instagram.com/stefanoaltini5/
https://www.instagram.com/belovedjohn11/
https://www.instagram.com/jasonmasih.hu/
https://www.instagram.com/otonor11/
https://www.instagram.com/hati.gojira/
https://www.instagram.com/freesosa284/
https://www.instagram.com/roxkkouttj_/
https://www.instagram.com/cc_nosabathia/
https://www.instagram.com/abayoner/
https://www.instagram.com/alliwantforxmasisyoutoo/
https://www.instagram.com/abdoullay01/
https://www.instagram.com/youcantfindjay_4/
https://www.instagram.com/hutakunn/
https://www.instagram.com/joshu_uhhhh/
https://www.instagram.com/killamytex/
https://www.instagram.com/aggzgaming/
https://www.instagram.com/sid.pudipeddi/
https://www.instagram.com/vito__rosso/
https://www.instagram.com/king_of_nothing_1045/
https://www.instagram.com/ilovekarreraaa/
https://www.instagram.com/grey_harvest/
https://www.instagram.com/suhayb__abdiqadir/
https://www.instagram.com/chillguy.meme/
https://www.instagram.com/rosiiee.bae/
https://www.instagram.com/marl.one19/
https://www.instagram.com/pouyaghi/
https://www.instagram.com/retrobiohazard/
https://www.instagram.com/caiden_486/
https://www.instagram.com/realchillkid.cto/
https://www.instagram.com/douglas_raione/
https://www.instagram.com/juanpaamb/
https://www.instagram.com/papawaltuhwhite/
https://www.instagram.com/zak.lynne_/
https://www.instagram.com/bigfilmore_slim23/
https://www.instagram.com/alexandersupertramp636/
https://www.instagram.com/godofhouse/
https://www.instagram.com/ishmoelmufti/
https://www.instagram.com/th3_useless_one/
https://www.instagram.com/thepedalreview/
https://www.instagram.com/shaunjohn697/
https://www.instagram.com/combatbootsandtiaras/
https://www.instagram.com/miniikaiii/
https://www.instagram.com/wolf_is_awake/
https://www.instagram.com/theejohnjohn/
https://www.instagram.com/_onk.ar/
https://www.instagram.com/manjizettai/
https://www.instagram.com/y2k.kayyy_/
https://www.instagram.com/xianyuganfromhanguo/
https://www.instagram.com/rusko1987/
https://www.instagram.com/irlchicken3/
https://www.instagram.com/joshwjd09/
https://www.instagram.com/ggare_ver.1/
https://www.instagram.com/just_a_chill_guy_daily_/
https://www.instagram.com/chillkebabguy/
https://www.instagram.com/wadiyasyeda_/
https://www.instagram.com/orangeslice_64/
https://www.instagram.com/mufffin_boy/
https://www.instagram.com/faluolunsi/
https://www.instagram.com/__nevil.__/
https://www.instagram.com/s.sergiog/
https://www.instagram.com/_mafey22/
https://www.instagram.com/slaying_crafts44/
https://www.instagram.com/its.abigailjoy2.0/
https://www.instagram.com/818_ry4n.15/
https://www.instagram.com/biryaniandcars/
https://www.instagram.com/davidsheets1015/
https://www.instagram.com/eatingvegasalive/
https://www.instagram.com/zetalfa13/
https://www.instagram.com/phoebewasbored/
https://www.instagram.com/jksn.xo/
https://www.instagram.com/_sabined_/
https://www.instagram.com/secretlyyadianosourrr/
https://www.instagram.com/irlchicken2/
https://www.instagram.com/fxxnkk/
https://www.instagram.com/pa.yam9573/
https://www.instagram.com/samantha_montedori/
https://www.instagram.com/luv.elisa_/
https://www.instagram.com/ali_k379/
https://www.instagram.com/bonkey_based/
https://www.instagram.com/anna.hadrick/
https://www.instagram.com/justchilledguy/
https://www.instagram.com/maherishi536/
https://www.instagram.com/stkdevan1295/
https://www.instagram.com/dann.020/
https://www.instagram.com/planktonahh/
https://www.instagram.com/htxseo24/
https://www.instagram.com/llucio_cc/
https://www.instagram.com/nvrlft_/
https://www.instagram.com/quietone_official/
https://www.instagram.com/mauriciomendiccini/
https://www.instagram.com/martin.a.barboza/
https://www.instagram.com/william.afton146/
https://www.instagram.com/timsoldato/
https://www.instagram.com/ryo_saeba_69_/
https://www.instagram.com/charlesb.carrier/
https://www.instagram.com/alisanachure/
https://www.instagram.com/srikkanth_ravichandran/
https://www.instagram.com/raphaelhenrique.ms/
https://www.instagram.com/ketijose/
https://www.instagram.com/palemo.on888/
https://www.instagram.com/alexis_rubi17/
https://www.instagram.com/j4shotz/
https://www.instagram.com/atb_luhb/
https://www.instagram.com/isaiahb1026/
https://www.instagram.com/elcuhfrispy17/
https://www.instagram.com/luvsxgl1tt.sqtvrn_/
https://www.instagram.com/blackfartmatter3000/
https://www.instagram.com/craig.samuelson/
https://www.instagram.com/shugalistic_/
https://www.instagram.com/eag_690/
https://www.instagram.com/mayakezrima/
https://www.instagram.com/ndaq17/
https://www.instagram.com/maddies.acc2.0/
https://www.instagram.com/draedagod/
https://www.instagram.com/_chill.vibes_007_/
https://www.instagram.com/m_ojeda24/
https://www.instagram.com/yahya_elhedhili/
https://www.instagram.com/dottytink/
https://www.instagram.com/wearechillgirls/
https://www.instagram.com/objective_roman_catholic/
https://www.instagram.com/colin.s.w/
https://www.instagram.com/aidsanchex/
https://www.instagram.com/ellisonpaulino/
https://www.instagram.com/saishing123/
https://www.instagram.com/tiff_spriggs/
https://www.instagram.com/yigitcetinkale/
