https://www.instagram.com/karahbetter/
https://www.instagram.com/vasilissa_c/
https://www.instagram.com/teephahairmart/
https://www.instagram.com/irishmirage/
https://www.instagram.com/officialgeorgechristopher/
https://www.instagram.com/a.zcools_official/
https://www.instagram.com/tokstesla/
https://www.instagram.com/kween_ciana4/
https://www.instagram.com/sleepwear_nig/
https://www.instagram.com/234woman/
https://www.instagram.com/scattered.thunderstorm/
https://www.instagram.com/artistrybylisaa/
https://www.instagram.com/themediascientist/
https://www.instagram.com/adepejuruth_cateringservice/
https://www.instagram.com/adaugochiturueze/
https://www.instagram.com/tivsteve/
https://www.instagram.com/likkle.spic3/
https://www.instagram.com/ametu_01/
https://www.instagram.com/marieclairemiller/
https://www.instagram.com/__mfonnn/
https://www.instagram.com/t.h.e.l_m.a/
https://www.instagram.com/c.zyon_jr/
https://www.instagram.com/hawttcocoglam/
https://www.instagram.com/jessy_04lagos/
https://www.instagram.com/the_commentsection/
https://www.instagram.com/uzezi0/
https://www.instagram.com/iphieoma__/
https://www.instagram.com/waltercomeup/
https://www.instagram.com/beautyatbayng/
https://www.instagram.com/olajumoke_happysoul/
https://www.instagram.com/naturalboifilmz/
https://www.instagram.com/madame_abbey/
https://www.instagram.com/thegodflexx/
https://www.instagram.com/onecreativegrrl/
https://www.instagram.com/nomsiano/
https://www.instagram.com/dr_saraheholo/
https://www.instagram.com/amadivarh/
https://www.instagram.com/winifrediyaki/
https://www.instagram.com/omaaperry/
https://www.instagram.com/mumplug/
https://www.instagram.com/officially___________ameena/
https://www.instagram.com/iam_anastecia/
https://www.instagram.com/portable_alaga1/
https://www.instagram.com/chiamie.xo/
https://www.instagram.com/theladytomee/
https://www.instagram.com/thegodson_gram/
https://www.instagram.com/_nnennaaa_/
https://www.instagram.com/zinny_gabrielle/
https://www.instagram.com/obaksolo/
https://www.instagram.com/figliocciomiha/
https://www.instagram.com/ebikobz/
https://www.instagram.com/luxuryhairsbyck/
https://www.instagram.com/angelaabua/
https://www.instagram.com/manniexoo/
https://www.instagram.com/tonia_tee__/
https://www.instagram.com/deborahkalu_/
https://www.instagram.com/molurlahsmakeover/
https://www.instagram.com/bigbaebiii/
https://www.instagram.com/nonye_okelue/
https://www.instagram.com/bamiwale_lagos/
https://www.instagram.com/oluwagbemigaaa/
https://www.instagram.com/grandeurslay/
https://www.instagram.com/__tiola/
https://www.instagram.com/lifeofubaid/
https://www.instagram.com/florida_mamii/
https://www.instagram.com/th_real_dani/
https://www.instagram.com/pepperrr_o/
https://www.instagram.com/official.imma/
https://www.instagram.com/gattyy___/
https://www.instagram.com/the.stells/
https://www.instagram.com/omawumiobozuwa/
https://www.instagram.com/dulcie.x/
https://www.instagram.com/la_ralda_/
https://www.instagram.com/officialjum_jum_/
https://www.instagram.com/darkice3/
https://www.instagram.com/aderinsolaayaba/
https://www.instagram.com/sandyblues5/
https://www.instagram.com/damispence/
https://www.instagram.com/nri_olaedo/
https://www.instagram.com/miss_taofeeqat/
https://www.instagram.com/agnes_o.o/
https://www.instagram.com/houseofamearypearl/
https://www.instagram.com/g_iddyy/
https://www.instagram.com/fifeoflagos/
https://www.instagram.com/praise_bley/
https://www.instagram.com/everything_fruiity/
https://www.instagram.com/aprilayoade/
https://www.instagram.com/tessume/
https://www.instagram.com/officialmodelamaka/
https://www.instagram.com/telleola07/
https://www.instagram.com/iam_degeal/
https://www.instagram.com/dw_______7/
https://www.instagram.com/__sweet_annie/
https://www.instagram.com/dorisuko/
https://www.instagram.com/latifachuks/
https://www.instagram.com/preyefreeman/
https://www.instagram.com/kelz_tbq/
https://www.instagram.com/sandymodiva/
https://www.instagram.com/mariyamafrosh/
https://www.instagram.com/doyinsuls/
https://www.instagram.com/iamthatolu/
https://www.instagram.com/abbymilyjohnson/
https://www.instagram.com/definicole/
https://www.instagram.com/you.found.halima/
https://www.instagram.com/iam_yaqoob_/
https://www.instagram.com/home_share_hub/
https://www.instagram.com/maiden_hair/
https://www.instagram.com/onyinyeudeji/
https://www.instagram.com/adebrownie/
https://www.instagram.com/el_ellagrey/
https://www.instagram.com/twenty2_01/
https://www.instagram.com/the_detoun/
https://www.instagram.com/_delulu_writer/
https://www.instagram.com/steelzdavincci/
https://www.instagram.com/m_f_concept/
https://www.instagram.com/i_am_vivianne/
https://www.instagram.com/sabiigirlfashion/
https://www.instagram.com/macallonies/
https://www.instagram.com/izzy__okd/
https://www.instagram.com/ogecruiz.gadgets/
https://www.instagram.com/aprilxter/
https://www.instagram.com/ginisfavoured/
https://www.instagram.com/faith4u_/
https://www.instagram.com/aransiola_aisha/
https://www.instagram.com/virtualassistantng/
https://www.instagram.com/__rochafc/
https://www.instagram.com/phoenix__oo1/
https://www.instagram.com/c_t_fashionstore/
https://www.instagram.com/kaes_talkcast/
https://www.instagram.com/boonmhie/
https://www.instagram.com/iamtobbycharles/
https://www.instagram.com/young_fela1738/
https://www.instagram.com/amaka_nzom/
https://www.instagram.com/habanna007/
https://www.instagram.com/tcs_backup/
https://www.instagram.com/becca_beckins/
https://www.instagram.com/queen_oghenerunor/
https://www.instagram.com/ifykaro_youtuber/
https://www.instagram.com/detutusgram/
https://www.instagram.com/kate_the_socialista/
https://www.instagram.com/meemee_musa/
https://www.instagram.com/m.m.m_a.r.hh/
https://www.instagram.com/kanyin_fko/
https://www.instagram.com/teeto__olayeni/
https://www.instagram.com/reina_reads/
https://www.instagram.com/jasonrexx__/
https://www.instagram.com/gifted_odemi/
