https://www.instagram.com/apurva_bendre/
https://www.instagram.com/rachana_desai/
https://www.instagram.com/charupics/
https://www.instagram.com/rickychorghe28/
https://www.instagram.com/hchonkar/
https://www.instagram.com/mayursakhare/
https://www.instagram.com/abhi_bhosale9696/
https://www.instagram.com/jidnyasachuri/
https://www.instagram.com/dipti__travelgram/
https://www.instagram.com/shalaka1024/
https://www.instagram.com/beatmachine95/
https://www.instagram.com/lakshaymalhotramusic/
https://www.instagram.com/codemug/
https://www.instagram.com/v_s_deshpande/
https://www.instagram.com/404notfound__zz/
https://www.instagram.com/sage_sumit/
https://www.instagram.com/mr.shigvan__king_of_life/
https://www.instagram.com/tanvipalgupta/
https://www.instagram.com/preeti_gallery/
https://www.instagram.com/myahmakesmusic/
https://www.instagram.com/xhetan_a_pantomath/
https://www.instagram.com/harshu_de/
https://www.instagram.com/neelam.rane.98/
https://www.instagram.com/sheetalpatwardhanbapat/
https://www.instagram.com/ajinkya.efx/
https://www.instagram.com/tirtha5655/
https://www.instagram.com/prathamesh.kadam/
https://www.instagram.com/mr_ritesh_gore_patil/
https://www.instagram.com/moreshantanu/
https://www.instagram.com/kalyani1119/
https://www.instagram.com/r.vishakha85/
https://www.instagram.com/neekeebarua/
https://www.instagram.com/pradeeep_rao/
https://www.instagram.com/happy_girl_uj/
https://www.instagram.com/pednekar1614/
https://www.instagram.com/kanchanwavtulkar/
https://www.instagram.com/ashwini.gupte/
https://www.instagram.com/venkymusic/
https://www.instagram.com/shreyas.vamburkar/
https://www.instagram.com/sai_sarkar__18/
https://www.instagram.com/deepalikatte/
https://www.instagram.com/where.is.tara/
https://www.instagram.com/tinaraj_official/
https://www.instagram.com/aarohi_zade_deshpande/
https://www.instagram.com/whoisjagruti/
https://www.instagram.com/gupte.sangeeta/
https://www.instagram.com/manish_rajgire_official/
https://www.instagram.com/stp_tushar/
https://www.instagram.com/sauravtayade.st/
https://www.instagram.com/anjaniupponi/
https://www.instagram.com/anurag_mg/
https://www.instagram.com/harshgupta4874/
https://www.instagram.com/creativegrooves/
https://www.instagram.com/dipswaraa/
https://www.instagram.com/mrmemer12_34/
https://www.instagram.com/ek.happy.human/
https://www.instagram.com/mr____unique9698/
https://www.instagram.com/devendra_gudile1212/
https://www.instagram.com/trishai_17/
https://www.instagram.com/aditiokasinha/
https://www.instagram.com/agneyak/
https://www.instagram.com/inspiredbyleena/
https://www.instagram.com/thenehasur/
https://www.instagram.com/karan.totlani/
https://www.instagram.com/lavekar_ajinkya/
https://www.instagram.com/paranoxmusic/
https://www.instagram.com/mugdhasinsta/
https://www.instagram.com/kolisaur/
https://www.instagram.com/yashraj_1258/
https://www.instagram.com/anilspanchal___/
https://www.instagram.com/parashareentertainments/
https://www.instagram.com/mohan_pm_4535/
https://www.instagram.com/sprajax/
https://www.instagram.com/sujit_pramila_vlogs/
https://www.instagram.com/sonal_1205/
https://www.instagram.com/iamhettrivedi/
https://www.instagram.com/samadnya.k/
https://www.instagram.com/kratexmusic/
https://www.instagram.com/seema_accounts/
https://www.instagram.com/bainsboparai/
https://www.instagram.com/ranisuryawanshi789/
https://www.instagram.com/simamukherjee200/
https://www.instagram.com/kedar.kv/
https://www.instagram.com/hotelgaruda/
https://www.instagram.com/trupti.gadgil/
https://www.instagram.com/bhumiimaurya/
https://www.instagram.com/harshad_notmehta/
https://www.instagram.com/jay_gee_ess/
https://www.instagram.com/bluksound/
https://www.instagram.com/ppallabi34/
https://www.instagram.com/manoj_kamalakar_4340/
https://www.instagram.com/anu_k08/
https://www.instagram.com/ybnnahmir/
https://www.instagram.com/prashant.sathe.3958/
https://www.instagram.com/mr._nikhil_bodkhe_official/
https://www.instagram.com/kaustubhpathak5/
https://www.instagram.com/seattle._community/
https://www.instagram.com/dm_on__it35/
https://www.instagram.com/veeakay/
https://www.instagram.com/wasimsadani_live/
https://www.instagram.com/mangeshapawar/
https://www.instagram.com/clementinee___/
